{"C:\\Users\\USUARIO\\Documents\\Apirest\\src\\routes\\libro.routes.js": {"path":"C:\\Users\\USUARIO\\Documents\\Apirest\\src\\routes\\libro.routes.js","statementMap":{"0":{"start":{"line":1,"column":16},"end":{"line":1,"column":34}},"1":{"start":{"line":2,"column":15},"end":{"line":2,"column":31}},"2":{"start":{"line":3,"column":14},"end":{"line":3,"column":47}},"3":{"start":{"line":6,"column":0},"end":{"line":10,"column":3}},"4":{"start":{"line":7,"column":19},"end":{"line":7,"column":41}},"5":{"start":{"line":8,"column":19},"end":{"line":8,"column":72}},"6":{"start":{"line":9,"column":4},"end":{"line":9,"column":33}},"7":{"start":{"line":13,"column":0},"end":{"line":26,"column":3}},"8":{"start":{"line":14,"column":4},"end":{"line":25,"column":5}},"9":{"start":{"line":15,"column":54},"end":{"line":15,"column":62}},"10":{"start":{"line":16,"column":8},"end":{"line":18,"column":9}},"11":{"start":{"line":17,"column":12},"end":{"line":17,"column":79}},"12":{"start":{"line":20,"column":27},"end":{"line":20,"column":75}},"13":{"start":{"line":21,"column":28},"end":{"line":21,"column":51}},"14":{"start":{"line":22,"column":8},"end":{"line":22,"column":42}},"15":{"start":{"line":24,"column":8},"end":{"line":24,"column":67}},"16":{"start":{"line":29,"column":0},"end":{"line":35,"column":3}},"17":{"start":{"line":30,"column":18},"end":{"line":30,"column":53}},"18":{"start":{"line":31,"column":4},"end":{"line":33,"column":5}},"19":{"start":{"line":32,"column":8},"end":{"line":32,"column":70}},"20":{"start":{"line":34,"column":4},"end":{"line":34,"column":32}},"21":{"start":{"line":38,"column":0},"end":{"line":52,"column":3}},"22":{"start":{"line":39,"column":4},"end":{"line":51,"column":5}},"23":{"start":{"line":40,"column":29},"end":{"line":42,"column":10}},"24":{"start":{"line":44,"column":8},"end":{"line":46,"column":9}},"25":{"start":{"line":45,"column":12},"end":{"line":45,"column":74}},"26":{"start":{"line":48,"column":8},"end":{"line":48,"column":43}},"27":{"start":{"line":50,"column":8},"end":{"line":50,"column":72}},"28":{"start":{"line":55,"column":0},"end":{"line":67,"column":3}},"29":{"start":{"line":56,"column":4},"end":{"line":66,"column":5}},"30":{"start":{"line":57,"column":29},"end":{"line":57,"column":73}},"31":{"start":{"line":59,"column":8},"end":{"line":61,"column":9}},"32":{"start":{"line":60,"column":12},"end":{"line":60,"column":74}},"33":{"start":{"line":63,"column":8},"end":{"line":63,"column":43}},"34":{"start":{"line":65,"column":8},"end":{"line":65,"column":70}},"35":{"start":{"line":69,"column":0},"end":{"line":69,"column":24}}},"fnMap":{"0":{"name":"(anonymous_0)","decl":{"start":{"line":6,"column":21},"end":{"line":6,"column":22}},"loc":{"start":{"line":6,"column":41},"end":{"line":10,"column":1}},"line":6},"1":{"name":"(anonymous_1)","decl":{"start":{"line":13,"column":22},"end":{"line":13,"column":23}},"loc":{"start":{"line":13,"column":42},"end":{"line":26,"column":1}},"line":13},"2":{"name":"(anonymous_2)","decl":{"start":{"line":29,"column":25},"end":{"line":29,"column":26}},"loc":{"start":{"line":29,"column":45},"end":{"line":35,"column":1}},"line":29},"3":{"name":"(anonymous_3)","decl":{"start":{"line":38,"column":25},"end":{"line":38,"column":26}},"loc":{"start":{"line":38,"column":45},"end":{"line":52,"column":1}},"line":38},"4":{"name":"(anonymous_4)","decl":{"start":{"line":55,"column":28},"end":{"line":55,"column":29}},"loc":{"start":{"line":55,"column":48},"end":{"line":67,"column":1}},"line":55}},"branchMap":{"0":{"loc":{"start":{"line":7,"column":19},"end":{"line":7,"column":41}},"type":"binary-expr","locations":[{"start":{"line":7,"column":19},"end":{"line":7,"column":35}},{"start":{"line":7,"column":39},"end":{"line":7,"column":41}}],"line":7},"1":{"loc":{"start":{"line":16,"column":8},"end":{"line":18,"column":9}},"type":"if","locations":[{"start":{"line":16,"column":8},"end":{"line":18,"column":9}},{"start":{},"end":{}}],"line":16},"2":{"loc":{"start":{"line":16,"column":12},"end":{"line":16,"column":55}},"type":"binary-expr","locations":[{"start":{"line":16,"column":12},"end":{"line":16,"column":19}},{"start":{"line":16,"column":23},"end":{"line":16,"column":29}},{"start":{"line":16,"column":33},"end":{"line":16,"column":41}},{"start":{"line":16,"column":45},"end":{"line":16,"column":55}}],"line":16},"3":{"loc":{"start":{"line":31,"column":4},"end":{"line":33,"column":5}},"type":"if","locations":[{"start":{"line":31,"column":4},"end":{"line":33,"column":5}},{"start":{},"end":{}}],"line":31},"4":{"loc":{"start":{"line":44,"column":8},"end":{"line":46,"column":9}},"type":"if","locations":[{"start":{"line":44,"column":8},"end":{"line":46,"column":9}},{"start":{},"end":{}}],"line":44},"5":{"loc":{"start":{"line":59,"column":8},"end":{"line":61,"column":9}},"type":"if","locations":[{"start":{"line":59,"column":8},"end":{"line":61,"column":9}},{"start":{},"end":{}}],"line":59}},"s":{"0":1,"1":1,"2":1,"3":1,"4":2,"5":2,"6":2,"7":1,"8":2,"9":2,"10":2,"11":1,"12":1,"13":0,"14":0,"15":1,"16":1,"17":2,"18":2,"19":1,"20":1,"21":1,"22":2,"23":2,"24":2,"25":1,"26":1,"27":0,"28":1,"29":0,"30":0,"31":0,"32":0,"33":0,"34":0,"35":1},"f":{"0":2,"1":2,"2":2,"3":2,"4":0},"b":{"0":[2,1],"1":[1,1],"2":[2,1,1,1],"3":[1,1],"4":[1,1],"5":[0,0]},"_coverageSchema":"1a1c01bbd47fc00a2c39e90264f33305004495a9","hash":"7f57b6685b80f6447d2295514d0b6dd9c66a4260"}
,"C:\\Users\\USUARIO\\Documents\\Apirest\\test\\dataLibro.js": {"path":"C:\\Users\\USUARIO\\Documents\\Apirest\\test\\dataLibro.js","statementMap":{"0":{"start":{"line":1,"column":0},"end":{"line":26,"column":1}}},"fnMap":{},"branchMap":{},"s":{"0":1},"f":{},"b":{},"_coverageSchema":"1a1c01bbd47fc00a2c39e90264f33305004495a9","hash":"05cff5dbae48b941097dc36ebdc11fa0246615b7"}
}
