TN:
SF:src\routes\libro.routes.js
FN:6,(anonymous_0)
FN:13,(anonymous_1)
FN:29,(anonymous_2)
FN:38,(anonymous_3)
FN:55,(anonymous_4)
FNF:5
FNH:4
FNDA:2,(anonymous_0)
FNDA:2,(anonymous_1)
FNDA:2,(anonymous_2)
FNDA:2,(anonymous_3)
FNDA:0,(anonymous_4)
DA:1,1
DA:2,1
DA:3,1
DA:6,1
DA:7,2
DA:8,2
DA:9,2
DA:13,1
DA:14,2
DA:15,2
DA:16,2
DA:17,1
DA:20,1
DA:21,0
DA:22,0
DA:24,1
DA:29,1
DA:30,2
DA:31,2
DA:32,1
DA:34,1
DA:38,1
DA:39,2
DA:40,2
DA:44,2
DA:45,1
DA:48,1
DA:50,0
DA:55,1
DA:56,0
DA:57,0
DA:59,0
DA:60,0
DA:63,0
DA:65,0
DA:69,1
LF:36
LH:27
BRDA:7,0,0,2
BRDA:7,0,1,1
BRDA:16,1,0,1
BRDA:16,1,1,1
BRDA:16,2,0,2
BRDA:16,2,1,1
BRDA:16,2,2,1
BRDA:16,2,3,1
BRDA:31,3,0,1
BRDA:31,3,1,1
BRDA:44,4,0,1
BRDA:44,4,1,1
BRDA:59,5,0,0
BRDA:59,5,1,0
BRF:14
BRH:12
end_of_record
TN:
SF:test\dataLibro.js
FNF:0
FNH:0
DA:1,1
LF:1
LH:1
BRF:0
BRH:0
end_of_record
